<?xml version="1.0" encoding="UTF-8"?>
<!-- Generated by org.testng.reporters.JUnitXMLReporter -->
<testsuite hostname="IN-HBharish-1" name="Regression1" tests="1" failures="1" timestamp="22 Mar 2017 21:30:50 GMT" time="82.912" errors="0">
  <testcase name="Test_1" time="82.896" classname="com.pointcross.testcases.Scripts.Script1">
    <failure type="org.openqa.selenium.WebDriverException" message="Failed to connect to binary FirefoxBinary(C:\Program Files (x86)\Mozilla Firefox\firefox.exe) on port 7055; process output follows: 
isible&amp;quot;:true,&amp;quot;active&amp;quot;:true,&amp;quot;userDisabled&amp;quot;:false,&amp;quot;appDisabled&amp;quot;:false,&amp;quot;descriptor&amp;quot;:&amp;quot;C:\\Program Files (x86)\\Mozilla Firefox\\browser\\extensions\\{972ce4c6-7e08-4474-a285-3208198ce6fd}.xpi&amp;quot;,&amp;quot;installDate&amp;quot;:1488490724000,&amp;quot;updateDate&amp;quot;:1488490724000,&amp;quot;applyBackgroundUpdates&amp;quot;:1,&amp;quot;skinnable&amp;quot;:true,&amp;quot;size&amp;quot;:19581,&amp;quot;sourceURI&amp;quot;:null,&amp;quot;releaseNotesURI&amp;quot;:null,&amp;quot;softDisabled&amp;quot;:false,&amp;quot;foreignInstall&amp;quot;:false,&amp;quot;hasBinaryComponents&amp;quot;:false,&amp;quot;strictCompatibility&amp;quot;:true,&amp;quot;locales&amp;quot;:[],&amp;quot;targetApplications&amp;quot;:[{&amp;quot;id&amp;quot;:&amp;quot;{ec8030f7-c20a-464f-9b0e-13a3a9e97384}&amp;quot;,&amp;quot;minVersion&amp;quot;:&amp;quot;52.0&amp;quot;,&amp;quot;maxVersion&amp;quot;:&amp;quot;52.0&amp;quot;}],&amp;quot;targetPlatforms&amp;quot;:[],&amp;quot;seen&amp;quot;:true,&amp;quot;dependencies&amp;quot;:[],&amp;quot;hasEmbeddedWebExtension&amp;quot;:false}
1490218202521	addons.xpi	DEBUG	getModTime: Recursive scan of {972ce4c6-7e08-4474-a285-3208198ce6fd}
1490218202523	DeferredSave.extensions.json	DEBUG	Save changes
1490218202523	addons.xpi	DEBUG	Updating database with changes to installed add-ons
1490218202523	addons.xpi-utils	DEBUG	Updating add-on states
1490218202525	addons.xpi-utils	DEBUG	Writing add-ons list
1490218202549	addons.xpi	DEBUG	Registering manifest for C:\Program Files (x86)\Mozilla Firefox\browser\features\aushelper@mozilla.org.xpi
1490218202550	addons.xpi	DEBUG	Calling bootstrap method startup on aushelper@mozilla.org version 2.0
1490218202552	addons.xpi	DEBUG	Registering manifest for C:\Program Files (x86)\Mozilla Firefox\browser\features\e10srollout@mozilla.org.xpi
1490218202553	addons.xpi	DEBUG	Calling bootstrap method startup on e10srollout@mozilla.org version 1.9
1490218202554	addons.xpi	DEBUG	Registering manifest for C:\Program Files (x86)\Mozilla Firefox\browser\features\firefox@getpocket.com.xpi
1490218202555	addons.xpi	DEBUG	Calling bootstrap method startup on firefox@getpocket.com version 1.0.5
1490218202556	addons.xpi	DEBUG	Registering manifest for C:\Program Files (x86)\Mozilla Firefox\browser\features\webcompat@mozilla.org.xpi
1490218202557	addons.xpi	DEBUG	Calling bootstrap method startup on webcompat@mozilla.org version 1.0
1490218202560	addons.manager	DEBUG	Registering shutdown blocker for XPIProvider
1490218202575	addons.manager	DEBUG	Provider finished startup: XPIProvider
1490218202575	addons.manager	DEBUG	Starting provider: LightweightThemeManager
1490218202575	addons.manager	DEBUG	Registering shutdown blocker for LightweightThemeManager
1490218202575	addons.manager	DEBUG	Provider finished startup: LightweightThemeManager
1490218202576	addons.manager	DEBUG	Starting provider: GMPProvider
1490218202680	addons.manager	DEBUG	Registering shutdown blocker for GMPProvider
1490218202683	addons.manager	DEBUG	Provider finished startup: GMPProvider
1490218202683	addons.manager	DEBUG	Starting provider: PluginProvider
1490218202685	addons.manager	DEBUG	Registering shutdown blocker for PluginProvider
1490218202686	addons.manager	DEBUG	Provider finished startup: PluginProvider
1490218202687	addons.manager	DEBUG	Completed startup sequence
1490218206890	addons.manager	DEBUG	Starting provider: &amp;lt;unnamed-provider&amp;gt;
1490218206890	addons.manager	DEBUG	Registering shutdown blocker for &amp;lt;unnamed-provider&amp;gt;
1490218206890	addons.manager	DEBUG	Provider finished startup: &amp;lt;unnamed-provider&amp;gt;
1490218210481	DeferredSave.extensions.json	DEBUG	Write succeeded
1490218210481	addons.xpi-utils	DEBUG	XPI Database saved, setting schema version preference to 19
1490218210481	DeferredSave.extensions.json	DEBUG	Starting timer
1490218210504	addons.repository	DEBUG	No addons.json found.
1490218210543	DeferredSave.addons.json	DEBUG	Save changes
1490218210554	DeferredSave.addons.json	DEBUG	Starting timer
1490218211366	addons.manager	DEBUG	Starting provider: PreviousExperimentProvider
1490218211367	addons.manager	DEBUG	Registering shutdown blocker for PreviousExperimentProvider
1490218211367	addons.manager	DEBUG	Provider finished startup: PreviousExperimentProvider
1490218211372	DeferredSave.extensions.json	DEBUG	Starting write
1490218211440	DeferredSave.addons.json	DEBUG	Starting write
1490218211555	DeferredSave.extensions.json	DEBUG	Write succeeded
1490218211605	DeferredSave.addons.json	DEBUG	Write succeeded

Build info: version: &amp;apos;unknown&amp;apos;, revision: &amp;apos;unknown&amp;apos;, time: &amp;apos;unknown&amp;apos;
System info: host: &amp;apos;IN-HBharish-1&amp;apos;, ip: &amp;apos;172.31.64.1&amp;apos;, os.name: &amp;apos;Windows 10&amp;apos;, os.arch: &amp;apos;amd64&amp;apos;, os.version: &amp;apos;10.0&amp;apos;, java.version: &amp;apos;1.8.0_121&amp;apos;
Driver info: driver.version: FirefoxDriver">
      <![CDATA[org.openqa.selenium.WebDriverException: Failed to connect to binary FirefoxBinary(C:\Program Files (x86)\Mozilla Firefox\firefox.exe) on port 7055; process output follows: 
isible":true,"active":true,"userDisabled":false,"appDisabled":false,"descriptor":"C:\\Program Files (x86)\\Mozilla Firefox\\browser\\extensions\\{972ce4c6-7e08-4474-a285-3208198ce6fd}.xpi","installDate":1488490724000,"updateDate":1488490724000,"applyBackgroundUpdates":1,"skinnable":true,"size":19581,"sourceURI":null,"releaseNotesURI":null,"softDisabled":false,"foreignInstall":false,"hasBinaryComponents":false,"strictCompatibility":true,"locales":[],"targetApplications":[{"id":"{ec8030f7-c20a-464f-9b0e-13a3a9e97384}","minVersion":"52.0","maxVersion":"52.0"}],"targetPlatforms":[],"seen":true,"dependencies":[],"hasEmbeddedWebExtension":false}
1490218202521	addons.xpi	DEBUG	getModTime: Recursive scan of {972ce4c6-7e08-4474-a285-3208198ce6fd}
1490218202523	DeferredSave.extensions.json	DEBUG	Save changes
1490218202523	addons.xpi	DEBUG	Updating database with changes to installed add-ons
1490218202523	addons.xpi-utils	DEBUG	Updating add-on states
1490218202525	addons.xpi-utils	DEBUG	Writing add-ons list
1490218202549	addons.xpi	DEBUG	Registering manifest for C:\Program Files (x86)\Mozilla Firefox\browser\features\aushelper@mozilla.org.xpi
1490218202550	addons.xpi	DEBUG	Calling bootstrap method startup on aushelper@mozilla.org version 2.0
1490218202552	addons.xpi	DEBUG	Registering manifest for C:\Program Files (x86)\Mozilla Firefox\browser\features\e10srollout@mozilla.org.xpi
1490218202553	addons.xpi	DEBUG	Calling bootstrap method startup on e10srollout@mozilla.org version 1.9
1490218202554	addons.xpi	DEBUG	Registering manifest for C:\Program Files (x86)\Mozilla Firefox\browser\features\firefox@getpocket.com.xpi
1490218202555	addons.xpi	DEBUG	Calling bootstrap method startup on firefox@getpocket.com version 1.0.5
1490218202556	addons.xpi	DEBUG	Registering manifest for C:\Program Files (x86)\Mozilla Firefox\browser\features\webcompat@mozilla.org.xpi
1490218202557	addons.xpi	DEBUG	Calling bootstrap method startup on webcompat@mozilla.org version 1.0
1490218202560	addons.manager	DEBUG	Registering shutdown blocker for XPIProvider
1490218202575	addons.manager	DEBUG	Provider finished startup: XPIProvider
1490218202575	addons.manager	DEBUG	Starting provider: LightweightThemeManager
1490218202575	addons.manager	DEBUG	Registering shutdown blocker for LightweightThemeManager
1490218202575	addons.manager	DEBUG	Provider finished startup: LightweightThemeManager
1490218202576	addons.manager	DEBUG	Starting provider: GMPProvider
1490218202680	addons.manager	DEBUG	Registering shutdown blocker for GMPProvider
1490218202683	addons.manager	DEBUG	Provider finished startup: GMPProvider
1490218202683	addons.manager	DEBUG	Starting provider: PluginProvider
1490218202685	addons.manager	DEBUG	Registering shutdown blocker for PluginProvider
1490218202686	addons.manager	DEBUG	Provider finished startup: PluginProvider
1490218202687	addons.manager	DEBUG	Completed startup sequence
1490218206890	addons.manager	DEBUG	Starting provider: <unnamed-provider>
1490218206890	addons.manager	DEBUG	Registering shutdown blocker for <unnamed-provider>
1490218206890	addons.manager	DEBUG	Provider finished startup: <unnamed-provider>
1490218210481	DeferredSave.extensions.json	DEBUG	Write succeeded
1490218210481	addons.xpi-utils	DEBUG	XPI Database saved, setting schema version preference to 19
1490218210481	DeferredSave.extensions.json	DEBUG	Starting timer
1490218210504	addons.repository	DEBUG	No addons.json found.
1490218210543	DeferredSave.addons.json	DEBUG	Save changes
1490218210554	DeferredSave.addons.json	DEBUG	Starting timer
1490218211366	addons.manager	DEBUG	Starting provider: PreviousExperimentProvider
1490218211367	addons.manager	DEBUG	Registering shutdown blocker for PreviousExperimentProvider
1490218211367	addons.manager	DEBUG	Provider finished startup: PreviousExperimentProvider
1490218211372	DeferredSave.extensions.json	DEBUG	Starting write
1490218211440	DeferredSave.addons.json	DEBUG	Starting write
1490218211555	DeferredSave.extensions.json	DEBUG	Write succeeded
1490218211605	DeferredSave.addons.json	DEBUG	Write succeeded

Build info: version: 'unknown', revision: 'unknown', time: 'unknown'
System info: host: 'IN-HBharish-1', ip: '172.31.64.1', os.name: 'Windows 10', os.arch: 'amd64', os.version: '10.0', java.version: '1.8.0_121'
Driver info: driver.version: FirefoxDriver
	at org.openqa.selenium.firefox.internal.NewProfileExtensionConnection.start(NewProfileExtensionConnection.java:134)
	at org.openqa.selenium.firefox.FirefoxDriver.startClient(FirefoxDriver.java:271)
	at org.openqa.selenium.remote.RemoteWebDriver.<init>(RemoteWebDriver.java:117)
	at org.openqa.selenium.firefox.FirefoxDriver.<init>(FirefoxDriver.java:218)
	at org.openqa.selenium.firefox.FirefoxDriver.<init>(FirefoxDriver.java:211)
	at org.openqa.selenium.firefox.FirefoxDriver.<init>(FirefoxDriver.java:207)
	at org.openqa.selenium.firefox.FirefoxDriver.<init>(FirefoxDriver.java:120)
	at com.pointcross.helper.pageHelper.ScriptPage1.initiate(ScriptPage1.java:32)
	at com.pointcross.testcases.Scripts.Script1.Test_1(Script1.java:29)
	at com.pointcross.config.Mainclass.main(Mainclass.java:22)
	at org.eclipse.jdt.internal.jarinjarloader.JarRsrcLoader.main(JarRsrcLoader.java:58)
Caused by: org.openqa.selenium.firefox.NotConnectedException: Unable to connect to host 127.0.0.1 on port 7055 after 45000 ms. Firefox console output:
isible":true,"active":true,"userDisabled":false,"appDisabled":false,"descriptor":"C:\\Program Files (x86)\\Mozilla Firefox\\browser\\extensions\\{972ce4c6-7e08-4474-a285-3208198ce6fd}.xpi","installDate":1488490724000,"updateDate":1488490724000,"applyBackgroundUpdates":1,"skinnable":true,"size":19581,"sourceURI":null,"releaseNotesURI":null,"softDisabled":false,"foreignInstall":false,"hasBinaryComponents":false,"strictCompatibility":true,"locales":[],"targetApplications":[{"id":"{ec8030f7-c20a-464f-9b0e-13a3a9e97384}","minVersion":"52.0","maxVersion":"52.0"}],"targetPlatforms":[],"seen":true,"dependencies":[],"hasEmbeddedWebExtension":false}
1490218202521	addons.xpi	DEBUG	getModTime: Recursive scan of {972ce4c6-7e08-4474-a285-3208198ce6fd}
1490218202523	DeferredSave.extensions.json	DEBUG	Save changes
1490218202523	addons.xpi	DEBUG	Updating database with changes to installed add-ons
1490218202523	addons.xpi-utils	DEBUG	Updating add-on states
1490218202525	addons.xpi-utils	DEBUG	Writing add-ons list
1490218202549	addons.xpi	DEBUG	Registering manifest for C:\Program Files (x86)\Mozilla Firefox\browser\features\aushelper@mozilla.org.xpi
1490218202550	addons.xpi	DEBUG	Calling bootstrap method startup on aushelper@mozilla.org version 2.0
1490218202552	addons.xpi	DEBUG	Registering manifest for C:\Program Files (x86)\Mozilla Firefox\browser\features\e10srollout@mozilla.org.xpi
1490218202553	addons.xpi	DEBUG	Calling bootstrap method startup on e10srollout@mozilla.org version 1.9
1490218202554	addons.xpi	DEBUG	Registering manifest for C:\Program Files (x86)\Mozilla Firefox\browser\features\firefox@getpocket.com.xpi
1490218202555	addons.xpi	DEBUG	Calling bootstrap method startup on firefox@getpocket.com version 1.0.5
1490218202556	addons.xpi	DEBUG	Registering manifest for C:\Program Files (x86)\Mozilla Firefox\browser\features\webcompat@mozilla.org.xpi
1490218202557	addons.xpi	DEBUG	Calling bootstrap method startup on webcompat@mozilla.org version 1.0
1490218202560	addons.manager	DEBUG	Registering shutdown blocker for XPIProvider
1490218202575	addons.manager	DEBUG	Provider finished startup: XPIProvider
1490218202575	addons.manager	DEBUG	Starting provider: LightweightThemeManager
1490218202575	addons.manager	DEBUG	Registering shutdown blocker for LightweightThemeManager
1490218202575	addons.manager	DEBUG	Provider finished startup: LightweightThemeManager
1490218202576	addons.manager	DEBUG	Starting provider: GMPProvider
1490218202680	addons.manager	DEBUG	Registering shutdown blocker for GMPProvider
1490218202683	addons.manager	DEBUG	Provider finished startup: GMPProvider
1490218202683	addons.manager	DEBUG	Starting provider: PluginProvider
1490218202685	addons.manager	DEBUG	Registering shutdown blocker for PluginProvider
1490218202686	addons.manager	DEBUG	Provider finished startup: PluginProvider
1490218202687	addons.manager	DEBUG	Completed startup sequence
1490218206890	addons.manager	DEBUG	Starting provider: <unnamed-provider>
1490218206890	addons.manager	DEBUG	Registering shutdown blocker for <unnamed-provider>
1490218206890	addons.manager	DEBUG	Provider finished startup: <unnamed-provider>
1490218210481	DeferredSave.extensions.json	DEBUG	Write succeeded
1490218210481	addons.xpi-utils	DEBUG	XPI Database saved, setting schema version preference to 19
1490218210481	DeferredSave.extensions.json	DEBUG	Starting timer
1490218210504	addons.repository	DEBUG	No addons.json found.
1490218210543	DeferredSave.addons.json	DEBUG	Save changes
1490218210554	DeferredSave.addons.json	DEBUG	Starting timer
1490218211366	addons.manager	DEBUG	Starting provider: PreviousExperimentProvider
1490218211367	addons.manager	DEBUG	Registering shutdown blocker for PreviousExperimentProvider
1490218211367	addons.manager	DEBUG	Provider finished startup: PreviousExperimentProvider
1490218211372	DeferredSave.extensions.json	DEBUG	Starting write
1490218211440	DeferredSave.addons.json	DEBUG	Starting write
1490218211555	DeferredSave.extensions.json	DEBUG	Write succeeded
1490218211605	DeferredSave.addons.json	DEBUG	Write succeeded

	at org.openqa.selenium.firefox.internal.NewProfileExtensionConnection.start(NewProfileExtensionConnection.java:122)
	... 35 more
... Removed 25 stack frames]]>
    </failure>
  </testcase> <!-- Test_1 -->
</testsuite> <!-- Regression1 -->
